<?xml version="1.0" encoding="UTF-8"?>
<robot generator="Robot 3.1.1 (Python 3.7.2 on win32)" generated="20190321 15:00:00.197" rpa="false">
<suite id="s1" name="RobotProject1" source="C:\Users\ufeist\git\RobotProject_Ufeist\RobotProject1">
<suite id="s1-s1" name="Test" source="C:\Users\ufeist\git\RobotProject_Ufeist\RobotProject1\test">
<suite id="s1-s1-s1" name="TestSuite1" source="C:\Users\ufeist\git\RobotProject_Ufeist\RobotProject1\test\TestSuite1.robot">
<kw name="Log" library="BuiltIn" type="setup">
<doc>Logs the given message with the given level.</doc>
<arguments>
<arg>Inside Test Suite Setup</arg>
</arguments>
<msg timestamp="20190321 15:00:00.358" level="INFO">Inside Test Suite Setup</msg>
<status status="PASS" starttime="20190321 15:00:00.358" endtime="20190321 15:00:00.359"></status>
</kw>
<test id="s1-s1-s1-t1" name="MyFirstTest">
<kw name="Log" library="BuiltIn" type="setup">
<doc>Logs the given message with the given level.</doc>
<arguments>
<arg>Inside Test Setup</arg>
</arguments>
<msg timestamp="20190321 15:00:00.359" level="INFO">Inside Test Setup</msg>
<status status="PASS" starttime="20190321 15:00:00.359" endtime="20190321 15:00:00.360"></status>
</kw>
<kw name="Log" library="BuiltIn">
<doc>Logs the given message with the given level.</doc>
<arguments>
<arg>First Test</arg>
</arguments>
<msg timestamp="20190321 15:00:00.360" level="INFO">First Test</msg>
<status status="PASS" starttime="20190321 15:00:00.360" endtime="20190321 15:00:00.360"></status>
</kw>
<kw name="Log" library="BuiltIn" type="teardown">
<doc>Logs the given message with the given level.</doc>
<arguments>
<arg>Inside Test Teardown</arg>
</arguments>
<msg timestamp="20190321 15:00:00.360" level="INFO">Inside Test Teardown</msg>
<status status="PASS" starttime="20190321 15:00:00.360" endtime="20190321 15:00:00.361"></status>
</kw>
<tags>
<tag>Haupttests</tag>
</tags>
<status status="PASS" starttime="20190321 15:00:00.359" endtime="20190321 15:00:00.361" critical="yes"></status>
</test>
<test id="s1-s1-s1-t2" name="MySecondTest">
<kw name="Log" library="BuiltIn" type="setup">
<doc>Logs the given message with the given level.</doc>
<arguments>
<arg>Inside Test Setup</arg>
</arguments>
<msg timestamp="20190321 15:00:00.362" level="INFO">Inside Test Setup</msg>
<status status="PASS" starttime="20190321 15:00:00.362" endtime="20190321 15:00:00.362"></status>
</kw>
<kw name="Log" library="BuiltIn">
<doc>Logs the given message with the given level.</doc>
<arguments>
<arg>Second Test</arg>
</arguments>
<msg timestamp="20190321 15:00:00.362" level="INFO">Second Test</msg>
<status status="PASS" starttime="20190321 15:00:00.362" endtime="20190321 15:00:00.362"></status>
</kw>
<kw name="Log" library="BuiltIn" type="teardown">
<doc>Logs the given message with the given level.</doc>
<arguments>
<arg>Inside Test Teardown</arg>
</arguments>
<msg timestamp="20190321 15:00:00.363" level="INFO">Inside Test Teardown</msg>
<status status="PASS" starttime="20190321 15:00:00.363" endtime="20190321 15:00:00.363"></status>
</kw>
<tags>
<tag>smoke</tag>
</tags>
<status status="PASS" starttime="20190321 15:00:00.361" endtime="20190321 15:00:00.363" critical="yes"></status>
</test>
<test id="s1-s1-s1-t3" name="MyThirdTest">
<kw name="Log" library="BuiltIn" type="setup">
<doc>Logs the given message with the given level.</doc>
<arguments>
<arg>Inside Test Setup</arg>
</arguments>
<msg timestamp="20190321 15:00:00.364" level="INFO">Inside Test Setup</msg>
<status status="PASS" starttime="20190321 15:00:00.364" endtime="20190321 15:00:00.364"></status>
</kw>
<kw name="Log" library="BuiltIn">
<doc>Logs the given message with the given level.</doc>
<arguments>
<arg>Third Test</arg>
</arguments>
<msg timestamp="20190321 15:00:00.364" level="INFO">Third Test</msg>
<status status="PASS" starttime="20190321 15:00:00.364" endtime="20190321 15:00:00.365"></status>
</kw>
<kw name="Set Tags" library="BuiltIn">
<doc>Adds given ``tags`` for the current test or all tests in a suite.</doc>
<arguments>
<arg>regression1</arg>
</arguments>
<msg timestamp="20190321 15:00:00.365" level="INFO">Set tag 'regression1'.</msg>
<status status="PASS" starttime="20190321 15:00:00.365" endtime="20190321 15:00:00.365"></status>
</kw>
<kw name="Log" library="BuiltIn" type="teardown">
<doc>Logs the given message with the given level.</doc>
<arguments>
<arg>Inside Test Teardown</arg>
</arguments>
<msg timestamp="20190321 15:00:00.365" level="INFO">Inside Test Teardown</msg>
<status status="PASS" starttime="20190321 15:00:00.365" endtime="20190321 15:00:00.366"></status>
</kw>
<tags>
<tag>Haupttests</tag>
<tag>regression1</tag>
</tags>
<status status="PASS" starttime="20190321 15:00:00.363" endtime="20190321 15:00:00.366" critical="yes"></status>
</test>
<test id="s1-s1-s1-t4" name="FirstSeleniumTest">
<kw name="Log" library="BuiltIn" type="setup">
<doc>Logs the given message with the given level.</doc>
<arguments>
<arg>Inside Test Setup</arg>
</arguments>
<msg timestamp="20190321 15:00:00.367" level="INFO">Inside Test Setup</msg>
<status status="PASS" starttime="20190321 15:00:00.367" endtime="20190321 15:00:00.367"></status>
</kw>
<kw name="Open Browser" library="SeleniumLibrary">
<doc>Opens a new browser instance to the given ``url``.</doc>
<arguments>
<arg>https://google.com</arg>
<arg>chrome</arg>
</arguments>
<msg timestamp="20190321 15:00:00.367" level="INFO">Opening browser 'chrome' to base url 'https://google.com'.</msg>
<status status="PASS" starttime="20190321 15:00:00.367" endtime="20190321 15:00:02.250"></status>
</kw>
<kw name="Set Browser Implicit Wait" library="SeleniumLibrary">
<doc>Sets the implicit wait value used by Selenium.</doc>
<arguments>
<arg>5</arg>
</arguments>
<status status="PASS" starttime="20190321 15:00:02.250" endtime="20190321 15:00:02.252"></status>
</kw>
<kw name="Input Text" library="SeleniumLibrary">
<doc>Types the given ``text`` into text field identified by ``locator``.</doc>
<arguments>
<arg>name=q</arg>
<arg>Test</arg>
</arguments>
<msg timestamp="20190321 15:00:02.253" level="INFO">Typing text 'Test' into text field 'name=q'.</msg>
<status status="PASS" starttime="20190321 15:00:02.253" endtime="20190321 15:00:02.464"></status>
</kw>
<kw name="Sleep" library="BuiltIn">
<doc>Pauses the test executed for the given time.</doc>
<arguments>
<arg>1</arg>
</arguments>
<msg timestamp="20190321 15:00:03.466" level="INFO">Slept 1 second</msg>
<status status="PASS" starttime="20190321 15:00:02.464" endtime="20190321 15:00:03.466"></status>
</kw>
<kw name="Press Keys" library="SeleniumLibrary">
<doc>Simulates user pressing key(s) to an element or on the active browser.</doc>
<arguments>
<arg>name=q</arg>
<arg>ENTER</arg>
</arguments>
<msg timestamp="20190321 15:00:03.466" level="INFO">Sending key(s) ('ENTER',) to name=q element.</msg>
<msg timestamp="20190321 15:00:03.474" level="INFO">Pressing special key ENTER to element.</msg>
<status status="PASS" starttime="20190321 15:00:03.466" endtime="20190321 15:00:04.850"></status>
</kw>
<kw name="Sleep" library="BuiltIn">
<doc>Pauses the test executed for the given time.</doc>
<arguments>
<arg>2</arg>
</arguments>
<msg timestamp="20190321 15:00:06.851" level="INFO">Slept 2 seconds</msg>
<status status="PASS" starttime="20190321 15:00:04.850" endtime="20190321 15:00:06.851"></status>
</kw>
<kw name="Close Browser" library="SeleniumLibrary">
<doc>Closes the current browser.</doc>
<status status="PASS" starttime="20190321 15:00:06.851" endtime="20190321 15:00:08.942"></status>
</kw>
<kw name="Log" library="BuiltIn">
<doc>Logs the given message with the given level.</doc>
<arguments>
<arg>Test Completed</arg>
</arguments>
<msg timestamp="20190321 15:00:08.944" level="INFO">Test Completed</msg>
<status status="PASS" starttime="20190321 15:00:08.943" endtime="20190321 15:00:08.945"></status>
</kw>
<kw name="Log" library="BuiltIn" type="teardown">
<doc>Logs the given message with the given level.</doc>
<arguments>
<arg>Inside Test Teardown</arg>
</arguments>
<msg timestamp="20190321 15:00:08.946" level="INFO">Inside Test Teardown</msg>
<status status="PASS" starttime="20190321 15:00:08.946" endtime="20190321 15:00:08.947"></status>
</kw>
<tags>
<tag>Haupttests</tag>
</tags>
<status status="PASS" starttime="20190321 15:00:00.366" endtime="20190321 15:00:08.948" critical="yes"></status>
</test>
<test id="s1-s1-s1-t5" name="SampleLoginTest">
<kw name="Log" library="BuiltIn" type="setup">
<doc>Logs the given message with the given level.</doc>
<arguments>
<arg>Inside Test Setup</arg>
</arguments>
<msg timestamp="20190321 15:00:08.950" level="INFO">Inside Test Setup</msg>
<status status="PASS" starttime="20190321 15:00:08.949" endtime="20190321 15:00:08.950"></status>
</kw>
<kw name="Open Browser" library="SeleniumLibrary">
<doc>Opens a new browser instance to the given ``url``.</doc>
<arguments>
<arg>${URL}</arg>
<arg>chrome</arg>
</arguments>
<msg timestamp="20190321 15:00:08.950" level="INFO">Opening browser 'chrome' to base url 'https://opensource-demo.orangehrmlive.com/'.</msg>
<status status="PASS" starttime="20190321 15:00:08.950" endtime="20190321 15:00:12.223"></status>
</kw>
<kw name="Set Browser Implicit Wait" library="SeleniumLibrary">
<doc>Sets the implicit wait value used by Selenium.</doc>
<arguments>
<arg>5</arg>
</arguments>
<status status="PASS" starttime="20190321 15:00:12.223" endtime="20190321 15:00:12.225"></status>
</kw>
<kw name="LoginKW">
<kw name="Input Text" library="SeleniumLibrary">
<doc>Types the given ``text`` into text field identified by ``locator``.</doc>
<arguments>
<arg>id=txtUsername</arg>
<arg>@{CREDENTIALS}[0]</arg>
</arguments>
<msg timestamp="20190321 15:00:12.226" level="INFO">Typing text 'Admin' into text field 'id=txtUsername'.</msg>
<status status="PASS" starttime="20190321 15:00:12.225" endtime="20190321 15:00:12.288"></status>
</kw>
<kw name="Input Password" library="SeleniumLibrary">
<doc>Types the given password into text field identified by ``locator``.</doc>
<arguments>
<arg>id=txtPassword</arg>
<arg>&amp;{LOGINDATA}[password]</arg>
</arguments>
<msg timestamp="20190321 15:00:12.289" level="INFO">Typing password into text field 'id=txtPassword'.</msg>
<status status="PASS" starttime="20190321 15:00:12.288" endtime="20190321 15:00:12.347"></status>
</kw>
<kw name="Click Button" library="SeleniumLibrary">
<doc>Clicks button identified by ``locator``.</doc>
<arguments>
<arg>id=btnLogin</arg>
</arguments>
<msg timestamp="20190321 15:00:12.348" level="INFO">Clicking button 'id=btnLogin'.</msg>
<status status="PASS" starttime="20190321 15:00:12.348" endtime="20190321 15:00:13.597"></status>
</kw>
<status status="PASS" starttime="20190321 15:00:12.225" endtime="20190321 15:00:13.598"></status>
</kw>
<kw name="Click Element" library="SeleniumLibrary">
<doc>Click element identified by ``locator``.</doc>
<arguments>
<arg>id=welcome</arg>
</arguments>
<msg timestamp="20190321 15:00:13.598" level="INFO">Clicking element 'id=welcome'.</msg>
<status status="PASS" starttime="20190321 15:00:13.598" endtime="20190321 15:00:13.641"></status>
</kw>
<kw name="Click Element" library="SeleniumLibrary">
<doc>Click element identified by ``locator``.</doc>
<arguments>
<arg>link=Logout</arg>
</arguments>
<msg timestamp="20190321 15:00:13.642" level="INFO">Clicking element 'link=Logout'.</msg>
<status status="PASS" starttime="20190321 15:00:13.641" endtime="20190321 15:00:14.698"></status>
</kw>
<kw name="Sleep" library="BuiltIn">
<doc>Pauses the test executed for the given time.</doc>
<arguments>
<arg>2</arg>
</arguments>
<msg timestamp="20190321 15:00:16.699" level="INFO">Slept 2 seconds</msg>
<status status="PASS" starttime="20190321 15:00:14.699" endtime="20190321 15:00:16.699"></status>
</kw>
<kw name="Close Browser" library="SeleniumLibrary">
<doc>Closes the current browser.</doc>
<status status="PASS" starttime="20190321 15:00:16.699" endtime="20190321 15:00:18.767"></status>
</kw>
<kw name="Log" library="BuiltIn">
<doc>Logs the given message with the given level.</doc>
<arguments>
<arg>Test Completed</arg>
</arguments>
<msg timestamp="20190321 15:00:18.770" level="INFO">Test Completed</msg>
<status status="PASS" starttime="20190321 15:00:18.769" endtime="20190321 15:00:18.771"></status>
</kw>
<kw name="Log" library="BuiltIn">
<doc>Logs the given message with the given level.</doc>
<arguments>
<arg>This test was executed by %{username} on %{os}</arg>
</arguments>
<msg timestamp="20190321 15:00:18.773" level="INFO">This test was executed by ufeist on Windows_NT</msg>
<status status="PASS" starttime="20190321 15:00:18.772" endtime="20190321 15:00:18.773"></status>
</kw>
<kw name="Log" library="BuiltIn" type="teardown">
<doc>Logs the given message with the given level.</doc>
<arguments>
<arg>Inside Test Teardown</arg>
</arguments>
<msg timestamp="20190321 15:00:18.775" level="INFO">Inside Test Teardown</msg>
<status status="PASS" starttime="20190321 15:00:18.774" endtime="20190321 15:00:18.776"></status>
</kw>
<doc>This is a sample login test</doc>
<tags>
<tag>Haupttests</tag>
</tags>
<status status="PASS" starttime="20190321 15:00:08.949" endtime="20190321 15:00:18.776" critical="yes"></status>
</test>
<kw name="Log" library="BuiltIn" type="teardown">
<doc>Logs the given message with the given level.</doc>
<arguments>
<arg>Inside Test Suite Teardown</arg>
</arguments>
<msg timestamp="20190321 15:00:18.780" level="INFO">Inside Test Suite Teardown</msg>
<status status="PASS" starttime="20190321 15:00:18.779" endtime="20190321 15:00:18.781"></status>
</kw>
<status status="PASS" starttime="20190321 15:00:00.241" endtime="20190321 15:00:18.781"></status>
</suite>
<status status="PASS" starttime="20190321 15:00:00.239" endtime="20190321 15:00:18.790"></status>
</suite>
<status status="PASS" starttime="20190321 15:00:00.222" endtime="20190321 15:00:18.795"></status>
</suite>
<statistics>
<total>
<stat pass="5" fail="0">Critical Tests</stat>
<stat pass="5" fail="0">All Tests</stat>
</total>
<tag>
<stat pass="4" fail="0">Haupttests</stat>
<stat pass="1" fail="0">regression1</stat>
<stat pass="1" fail="0">smoke</stat>
</tag>
<suite>
<stat pass="5" fail="0" id="s1" name="RobotProject1">RobotProject1</stat>
<stat pass="5" fail="0" id="s1-s1" name="Test">RobotProject1.Test</stat>
<stat pass="5" fail="0" id="s1-s1-s1" name="TestSuite1">RobotProject1.Test.TestSuite1</stat>
</suite>
</statistics>
<errors>
</errors>
</robot>
